[2025-05-19 21:23:07] [Action] Run
[2025-05-19 21:27:02] [Action] Add Bot BbMmabPv-3.1.6
[2025-05-19 21:31:11] [Action] Add Bot BbMctsPv-3.7.6
[2025-05-19 21:35:29] [Action] Run
[2025-05-19 21:35:46] [Action] Run
[2025-05-19 21:37:40] [Action] Run
[2025-05-19 21:38:42] [Action] Show
[2025-05-19 21:39:10] [Action] Show
[2025-05-19 21:39:13] [Action] Show
[2025-05-19 21:39:24] [Action] Show
[2025-05-19 21:40:38] [Action] Show
[2025-05-19 21:42:50] [Action] Show
[2025-05-19 21:45:05] [Action] Show
[2025-05-19 21:46:43] [Action] Show
[2025-05-19 21:46:48] [Action] Show
[2025-05-19 21:46:54] [Action] Run
[2025-05-19 21:47:00] [Action] Show
[2025-05-19 21:47:02] [Action] Show
[2025-05-19 21:49:37] [Action] Add Bot BbMctsPv-3.6.6
[2025-05-19 21:49:41] [Action] Run
[2025-05-19 21:49:47] [Action] Show
[2025-05-19 21:50:06] [Action] Show
[2025-05-19 21:50:09] [Action] Show
[2025-05-19 21:50:10] [Action] Show
[2025-05-19 21:50:11] [Action] Show
[2025-05-19 21:50:13] [Action] Show
[2025-05-19 21:51:08] [Action] Show
[2025-05-19 21:51:12] [Action] Show
[2025-05-19 21:52:41] [Action] Show
[2025-05-19 21:55:30] [Action] Run
[2025-05-19 21:59:32] [Action] Run
[2025-05-19 21:59:37] [Action] Add Bot BbMmabPv-3.1.6
[2025-05-19 22:00:49] [Action] Add Bot BbMctsPv-3.7.6
[2025-05-19 22:03:06] [Action] Show
[2025-05-19 22:08:51] [Action] Show
[2025-05-19 22:08:54] [Action] Show
[2025-05-19 22:10:10] [Action] Add Bot BbMctsPv-3.7.6
[2025-05-19 22:10:27] [Action] Run
[2025-05-19 22:11:16] [Action] Add Bot BbMmabPv-3.1.6
[2025-05-19 22:11:49] [Action] Show
[2025-05-19 22:12:08] [Action] Show
[2025-05-19 22:13:59] [Action] Show
[2025-05-20 20:32:58] [Action] Run
[2025-05-20 20:36:14] [Action] Run
[2025-05-20 20:37:00] [Action] Add Bot BbMmabPv-3.1.6
[2025-05-20 20:38:26] [Action] Add Bot BbMmabPv-3.1.5
[2025-05-20 20:38:51] [Action] Add Bot BbMmabPv-3.1.4
[2025-05-20 20:39:25] [Action] Add Bot BbMmabPv-3.1.3
[2025-05-20 20:40:13] [Action] Add Bot BbMmabPv-3.1.2
[2025-05-20 20:40:33] [Action] Show
[2025-05-20 20:42:03] [Action] Show
[2025-05-20 20:43:22] [Action] Show
[2025-05-20 20:54:23] [Action] Show
[2025-05-20 20:55:58] [Action] Show
[2025-05-20 21:10:48] [Action] Show
[2025-05-20 21:17:43] [Action] Show
[2025-05-20 21:21:29] [Action] Show
[2025-05-20 21:22:50] [Action] Show
[2025-05-20 21:23:05] [Action] Show
[2025-05-20 21:31:19] [Action] Show
[2025-05-20 21:48:05] [Action] Show
[2025-05-20 21:52:51] [Action] Show
[2025-05-20 22:04:04] [Action] Show
[2025-05-20 22:10:28] [Action] Show
[2025-05-20 22:18:21] [Action] Show
[2025-05-20 22:24:12] [Action] Show
[2025-05-20 22:48:42] [Action] Show
[2025-05-20 22:58:42] [Action] Show
[2025-05-20 23:09:45] [Action] Show
[2025-05-21 13:29:28] [Action] Show
[2025-05-21 13:29:31] [Action] Run
[2025-05-21 13:30:21] [Action] Run
[2025-05-21 13:30:55] [Action] Run
[2025-05-21 13:31:40] [Action] Run
[2025-05-21 13:32:53] [Action] Show
[2025-05-21 13:34:35] [Action] Add Bot BbMctsPv-3.7.6
[2025-05-21 13:34:37] [Action] Show
[2025-05-21 13:34:42] [Action] Show
[2025-05-21 13:35:05] [Action] Run
[2025-05-21 13:35:22] [Action] Show
[2025-05-21 13:36:04] [Action] Show
[2025-05-21 13:36:10] [Action] Run
[2025-05-21 13:36:43] [Action] Run
[2025-05-21 13:36:47] [Action] Run
[2025-05-21 13:36:51] [Action] Run
[2025-05-21 13:36:57] [Action] Show
[2025-05-21 13:37:09] [Action] Run
[2025-05-21 13:37:47] [Action] Show
[2025-05-21 13:39:00] [Action] Show
[2025-05-21 13:39:02] [Action] Show
[2025-05-21 13:39:04] [Action] Show
[2025-05-21 13:39:05] [Action] Show
[2025-05-21 13:39:06] [Action] Show
[2025-05-21 13:39:07] [Action] Show
[2025-05-21 13:39:09] [Action] Show
[2025-05-21 13:39:10] [Action] Show
[2025-05-21 13:39:10] [Action] Show
[2025-05-21 13:39:11] [Action] Show
[2025-05-21 13:39:12] [Action] Show
[2025-05-21 13:39:12] [Action] Show
[2025-05-21 13:39:13] [Action] Show
[2025-05-21 13:39:14] [Action] Show
[2025-05-21 13:39:14] [Action] Show
[2025-05-21 13:39:15] [Action] Show
[2025-05-21 13:39:15] [Action] Show
[2025-05-21 13:39:16] [Action] Show
[2025-05-21 13:39:17] [Action] Show
[2025-05-21 13:39:18] [Action] Show
[2025-05-21 13:39:19] [Action] Show
[2025-05-21 13:39:20] [Action] Show
[2025-05-21 13:39:24] [Action] Show
[2025-05-21 13:39:24] [Action] Show
[2025-05-21 13:39:25] [Action] Show
[2025-05-21 13:39:26] [Action] Show
[2025-05-21 13:39:33] [Action] Show
[2025-05-21 13:39:41] [Action] Show
[2025-05-21 13:39:43] [Action] Show
[2025-05-21 13:40:12] [Action] Show
[2025-05-21 13:40:14] [Action] Show
[2025-05-21 13:42:08] [Action] Show
[2025-05-21 14:08:03] [Action] Show
[2025-05-21 14:10:00] [Action] Show
[2025-05-21 14:13:58] [Action] Add Bot BbMctsPv-3.7.6
[2025-05-21 14:16:06] [Action] Add Bot BbMctsPv-rc
[2025-05-21 14:16:09] [Action] Run
[2025-05-21 14:16:10] [Action] Run
[2025-05-21 14:16:11] [Action] Run
[2025-05-21 14:16:12] [Action] Run
[2025-05-21 14:16:21] [Action] Show
[2025-05-21 14:16:27] [Action] Show
[2025-05-21 14:16:35] [Action] Show
[2025-05-21 14:16:39] [Action] Show
[2025-05-21 14:16:41] [Action] Show
[2025-05-21 14:16:42] [Action] Show
[2025-05-21 14:16:51] [Action] Show
[2025-05-21 14:17:22] [Action] Show
[2025-05-21 14:17:32] [Action] Show
[2025-05-21 14:18:53] [Action] Show
[2025-05-21 14:19:24] [Action] Show
[2025-05-21 14:19:25] [Action] Show
[2025-05-21 14:19:34] [Action] Show
[2025-05-21 14:19:35] [Action] Show
[2025-05-21 14:19:35] [Action] Show
[2025-05-21 14:19:36] [Action] Show
[2025-05-21 14:19:47] [Action] Show
[2025-05-21 14:19:49] [Action] Show
[2025-05-21 14:19:51] [Action] Show
[2025-05-21 14:19:53] [Action] Show
[2025-05-21 14:19:54] [Action] Show
[2025-05-21 14:19:55] [Action] Show
[2025-05-21 14:19:56] [Action] Show
[2025-05-21 14:20:12] [Action] Show
[2025-05-21 14:20:13] [Action] Show
[2025-05-21 14:20:16] [Action] Show
[2025-05-21 14:20:18] [Action] Show
[2025-05-21 14:20:19] [Action] Show
[2025-05-21 14:20:20] [Action] Show
[2025-05-21 14:20:21] [Action] Show
[2025-05-21 14:20:22] [Action] Show
[2025-05-21 14:20:23] [Action] Show
[2025-05-21 14:20:24] [Action] Show
[2025-05-21 14:20:24] [Action] Show
[2025-05-21 15:00:46] [Action] Show
[2025-05-21 15:00:49] [Action] Show
[2025-05-21 15:00:51] [Action] Show
[2025-05-21 15:00:52] [Action] Show
[2025-05-21 15:00:53] [Action] Show
[2025-05-21 15:01:06] [Action] Show
[2025-05-21 15:01:21] [Action] Show
[2025-05-21 15:01:22] [Action] Show
[2025-05-21 15:01:23] [Action] Show
[2025-05-21 15:01:23] [Action] Show
[2025-05-21 18:20:49] [Action] Show
[2025-05-21 18:20:50] [Action] Show
[2025-05-21 18:20:50] [Action] Show
[2025-05-22 13:44:27] [Action] Show
[2025-05-22 13:44:50] [Action] Add Bot BbMctsPv-rc
[2025-05-22 13:45:07] [Action] Add Bot BbMctsPv-3.7.6
[2025-05-22 13:45:16] [Action] Run
[2025-05-22 13:45:32] [Action] Run
[2025-05-22 13:45:40] [Action] Run
[2025-05-22 13:45:51] [Action] Show
[2025-05-22 13:45:52] [Action] Show
[2025-05-22 13:45:54] [Action] Show
[2025-05-22 13:45:55] [Action] Show
[2025-05-22 13:46:35] [Action] Show
[2025-05-22 13:46:36] [Action] Show
[2025-05-22 13:46:38] [Action] Show
[2025-05-22 13:46:39] [Action] Show
[2025-05-22 13:46:40] [Action] Show
[2025-05-22 13:46:41] [Action] Show
[2025-05-22 13:46:48] [Action] Show
[2025-05-22 13:46:49] [Action] Show
[2025-05-22 13:47:38] [Action] Add Bot BbMctsPv-3.7.6
[2025-05-22 13:47:46] [Action] Add Bot BbMctsPv-rc
[2025-05-22 13:47:49] [Action] Run
[2025-05-22 13:47:51] [Action] Run
[2025-05-22 13:47:52] [Action] Run
[2025-05-22 13:47:58] [Action] Show
[2025-05-22 13:48:06] [Action] Show
[2025-05-22 13:48:10] [Action] Show
[2025-05-22 13:48:11] [Action] Show
[2025-05-22 13:48:13] [Action] Show
[2025-05-22 13:48:14] [Action] Show
[2025-05-22 13:48:21] [Action] Show
[2025-05-22 13:48:22] [Action] Show
[2025-05-22 13:48:23] [Action] Show
[2025-05-22 13:48:24] [Action] Show
[2025-05-22 13:48:24] [Action] Show
[2025-05-22 13:48:25] [Action] Show
[2025-05-22 13:48:26] [Action] Show
[2025-05-22 13:48:26] [Action] Show
[2025-05-22 13:48:27] [Action] Show
[2025-05-22 13:48:27] [Action] Show
[2025-05-22 13:48:28] [Action] Show
[2025-05-22 13:48:28] [Action] Show
[2025-05-22 13:49:06] [Action] Show
[2025-05-22 13:49:07] [Action] Show
[2025-05-22 13:49:07] [Action] Show
[2025-05-22 13:49:09] [Action] Show
[2025-05-22 13:49:14] [Action] Show
[2025-05-22 13:49:16] [Action] Show
[2025-05-22 13:52:14] [Action] Show
[2025-05-22 13:52:15] [Action] Show
[2025-05-22 13:52:15] [Action] Show
[2025-05-22 13:52:32] [Action] Show
[2025-05-22 13:52:34] [Action] Show
[2025-05-22 13:52:35] [Action] Show
[2025-05-22 13:52:35] [Action] Show
[2025-05-22 13:52:36] [Action] Show
[2025-05-22 13:52:37] [Action] Show
[2025-05-22 13:52:38] [Action] Show
[2025-05-22 13:52:39] [Action] Show
[2025-05-22 14:00:46] [Action] Show
[2025-05-22 14:00:47] [Action] Show
[2025-05-22 14:00:50] [Action] Show
[2025-05-22 14:00:51] [Action] Show
[2025-05-22 14:00:52] [Action] Show
[2025-05-22 14:01:50] [Action] Show
[2025-05-22 14:01:51] [Action] Show
[2025-05-22 14:01:52] [Action] Show
[2025-05-22 14:01:53] [Action] Show
[2025-05-22 14:01:53] [Action] Show
[2025-05-22 14:01:54] [Action] Show
[2025-05-22 14:01:55] [Action] Show
[2025-05-22 14:01:55] [Action] Show
[2025-05-22 14:01:56] [Action] Show
[2025-05-22 14:01:57] [Action] Show
[2025-05-22 14:01:57] [Action] Show
[2025-05-22 14:01:58] [Action] Show
[2025-05-22 14:01:59] [Action] Show
[2025-05-22 14:01:59] [Action] Show
[2025-05-22 14:02:00] [Action] Show
[2025-05-22 14:02:00] [Action] Show
[2025-05-22 14:02:01] [Action] Show
[2025-05-22 14:04:21] [Action] Run
[2025-05-22 14:04:23] [Action] Run
[2025-05-22 14:04:24] [Action] Run
[2025-05-22 14:04:42] [Action] Add Bot BbMctsPv-rc
[2025-05-22 14:05:05] [Action] Add Bot BbMctsPv-3.7.6
[2025-05-22 14:13:01] [Action] Run
[2025-05-22 14:13:03] [Action] Run
[2025-05-22 14:13:04] [Action] Run
[2025-05-22 14:13:22] [Action] Add Bot BbMctsPv-rc
[2025-05-22 14:16:37] [Action] Add Bot BbMctsPv-3.7.6
[2025-05-22 14:17:01] [Action] Show
[2025-05-22 14:17:06] [Action] Show
[2025-05-22 14:17:11] [Action] Show
[2025-05-22 14:17:15] [Action] Show
[2025-05-22 14:17:18] [Action] Show
[2025-05-22 14:17:20] [Action] Show
[2025-05-22 14:17:21] [Action] Show
[2025-05-22 14:17:22] [Action] Show
[2025-05-22 14:17:23] [Action] Show
[2025-05-22 14:17:23] [Action] Show
[2025-05-22 14:17:24] [Action] Show
[2025-05-22 14:17:24] [Action] Show
[2025-05-22 14:17:25] [Action] Show
[2025-05-22 14:17:50] [Action] Show
[2025-05-22 14:17:51] [Action] Show
[2025-05-22 14:17:52] [Action] Show
[2025-05-22 14:17:54] [Action] Show
[2025-05-22 14:17:55] [Action] Show
[2025-05-22 14:17:56] [Action] Show
[2025-05-22 14:18:03] [Action] Show
[2025-05-22 14:18:06] [Action] Show
[2025-05-22 14:18:42] [Action] Show
[2025-05-22 14:18:45] [Action] Show
[2025-05-22 14:38:08] [Action] Show
[2025-05-22 14:38:10] [Action] Show
[2025-05-22 14:38:11] [Action] Show
[2025-05-22 14:38:11] [Action] Show
[2025-05-22 14:38:13] [Action] Show
[2025-05-22 14:38:15] [Action] Show
[2025-05-22 14:38:16] [Action] Show
[2025-05-22 14:38:17] [Action] Show
[2025-05-22 14:38:18] [Action] Show
[2025-05-22 14:38:20] [Action] Show
[2025-05-22 14:38:22] [Action] Show
[2025-05-22 14:38:29] [Action] Show
[2025-05-22 14:38:33] [Action] Show
[2025-05-22 14:40:04] [Action] Show
[2025-05-22 14:40:05] [Action] Show
[2025-05-22 14:40:05] [Action] Show
[2025-05-22 14:40:06] [Action] Show
[2025-05-22 14:40:07] [Action] Show
[2025-05-22 14:40:08] [Action] Show
[2025-05-22 14:40:09] [Action] Show
[2025-05-22 14:40:10] [Action] Show
[2025-05-22 14:40:12] [Action] Show
[2025-05-22 14:40:12] [Action] Show
[2025-05-22 14:41:03] [Action] Show
[2025-05-22 14:42:06] [Action] Add Bot BbMctsPv-3.7.6
[2025-05-22 14:49:43] [Action] Add Bot BbMctsPv-rc
[2025-05-22 14:49:50] [Action] Run
[2025-05-22 14:49:52] [Action] Run
[2025-05-22 14:49:54] [Action] Run
[2025-05-22 14:50:08] [Action] Show
[2025-05-22 14:50:10] [Action] Show
[2025-05-22 14:50:11] [Action] Show
[2025-05-22 14:50:11] [Action] Show
[2025-05-22 14:50:25] [Action] Show
[2025-05-22 15:02:52] [Action] Show
[2025-05-22 15:02:57] [Action] Show
[2025-05-22 15:05:55] [Action] Show
[2025-05-22 15:05:56] [Action] Show
[2025-05-22 15:05:58] [Action] Show
[2025-05-22 15:06:20] [Action] Show
[2025-05-22 15:06:23] [Action] Show
[2025-05-22 16:29:59] [Action] Show
[2025-05-22 16:30:17] [Action] Show
[2025-05-22 16:30:17] [Action] Show
[2025-05-22 16:30:18] [Action] Show
[2025-05-22 16:30:19] [Action] Show
[2025-05-22 16:30:20] [Action] Show
[2025-05-22 16:30:21] [Action] Show
[2025-05-24 17:07:32] [Action] Add Bot BbMctsPv-3.7.6
[2025-05-24 17:07:35] [Action] Add Bot BbMctsPv-3.7.7
[2025-05-24 17:07:37] [Action] Add Bot BbMmabPv-3.1.3
[2025-05-24 17:07:40] [Action] Add Bot BbMmabPv-3.1.4
[2025-05-24 17:07:42] [Action] Add Bot BbMmabPv-3.1.5
[2025-05-24 17:07:44] [Action] Add Bot BbMmabPv-3.1.6
[2025-05-24 17:07:45] [Action] Run
[2025-05-24 17:07:47] [Action] Add Bot BbMmabPv-3.1.7
[2025-05-24 17:09:32] [Action] Add Bot BbMmabPv-3.1.6
[2025-05-24 17:09:34] [Action] Run
[2025-05-24 17:09:46] [Action] Add Bot BbMmabPv-3.1.5
[2025-05-24 17:10:50] [Action] Show
[2025-05-24 17:13:52] [Action] Show
[2025-05-24 17:14:40] [Action] Show
[2025-05-24 17:15:11] [Action] Show
[2025-05-24 17:15:21] [Action] Show
[2025-05-24 17:15:42] [Action] Run
[2025-05-24 17:15:42] [Action] Add Bot BbMmabPv-3.1.5
[2025-05-24 17:15:49] [Action] Add Bot BbMmabPv-3.1.6
[2025-05-24 17:16:09] [Action] Show
[2025-05-24 17:16:25] [Action] Show
[2025-05-24 17:17:16] [Action] Add Bot BbMctsPv-3.7.6
[2025-05-24 17:17:17] [Action] Run
[2025-05-24 17:17:19] [Action] Add Bot BbMctsPv-3.7.7
[2025-05-24 17:17:23] [Action] Add Bot BbMmabPv-3.1.3
[2025-05-24 17:17:27] [Action] Add Bot BbMmabPv-3.1.4
[2025-05-24 17:17:48] [Action] Add Bot BbMctsPv-3.7.6
[2025-05-24 17:17:48] [Action] Run
[2025-05-24 17:17:51] [Action] Add Bot BbMctsPv-3.7.7
[2025-05-24 17:17:54] [Action] Add Bot BbMmabPv-3.1.3
[2025-05-24 17:17:57] [Action] Add Bot BbMmabPv-3.1.4
[2025-05-24 17:17:59] [Action] Add Bot BbMmabPv-3.1.5
[2025-05-24 17:18:02] [Action] Add Bot BbMmabPv-3.1.6
[2025-05-24 17:18:04] [Action] Run
[2025-05-24 17:18:05] [Action] Add Bot BbMmabPv-3.1.7
[2025-05-24 17:18:26] [Action] Show
[2025-05-24 17:35:03] [Action] Show
[2025-05-24 17:36:14] [Action] Show
[2025-05-24 17:38:44] [Action] Show
[2025-05-24 17:48:26] [Action] Show
[2025-05-24 18:03:50] [Action] Show
[2025-05-24 18:10:44] [Action] Show
